c:\users\юзверь\documents\visual studio 2012\projects\hashtables\hashtables\debug\main.obj
c:\users\юзверь\documents\visual studio 2012\projects\hashtables\hashtables\debug\vc110.pdb
c:\users\юзверь\desktop\done\labs2lvl\labs2lvl\hashtables\hashtables\debug\main.obj
c:\users\юзверь\desktop\done\labs2lvl\labs2lvl\hashtables\hashtables\debug\vc110.pdb
c:\users\юзверь\documents\visual studio 2012\projects\hashtables\debug\hashtables.ilk
c:\users\юзверь\documents\visual studio 2012\projects\hashtables\debug\hashtables.exe
c:\users\юзверь\documents\visual studio 2012\projects\hashtables\debug\hashtables.pdb
c:\users\юзверь\desktop\done\labs2lvl\labs2lvl\hashtables\debug\hashtables.ilk
c:\users\юзверь\desktop\done\labs2lvl\labs2lvl\hashtables\debug\hashtables.exe
c:\users\юзверь\desktop\done\labs2lvl\labs2lvl\hashtables\debug\hashtables.pdb
d:\1\hashtables\hashtables\debug\main.obj
d:\1\hashtables\hashtables\debug\cl.command.1.tlog
d:\1\hashtables\hashtables\debug\cl.read.1.tlog
d:\1\hashtables\hashtables\debug\cl.write.1.tlog
d:\1\hashtables\hashtables\debug\link-cvtres.read.1.tlog
d:\1\hashtables\hashtables\debug\link-cvtres.write.1.tlog
d:\1\hashtables\hashtables\debug\link-rc.read.1.tlog
d:\1\hashtables\hashtables\debug\link-rc.write.1.tlog
d:\1\hashtables\hashtables\debug\link.command.1.tlog
d:\1\hashtables\hashtables\debug\link.read.1.tlog
d:\1\hashtables\hashtables\debug\link.write.1.tlog
d:\1\hashtables\hashtables\debug\vc110.idb
d:\1\hashtables\hashtables\debug\vc110.pdb
d:\1\hashtables\debug\hashtables.pdb
d:\1\hashtables\debug\hashtables.exe
d:\1\hashtables\debug\hashtables.ilk
