C:\USERS\EVGENM\YANDEXDISK-MASACH\демидович\4сем\с++\к 26\стэк и очередь\DEBUG\LAB3.EXE
C:\USERS\EVGENM\YANDEXDISK-MASACH\демидович\4сем\с++\к 26\стэк и очередь\DEBUG\LAB3.ILK
C:\USERS\EVGENM\YANDEXDISK-MASACH\ДЕМИДОВИЧ\4СЕМ\С++\К 26\СТЭК И ОЧЕРЕДЬ\DEBUG\LAB3.PDB
C:\USERS\EVGENM\YANDEXDISK-MASACH\демидович\4сем\с++\к 26\стэк и очередь\LAB3\DEBUG\LAB3.EXE.INTERMEDIATE.MANIFEST
C:\USERS\EVGENM\YANDEXDISK-MASACH\демидович\4сем\с++\к 26\стэк и очередь\LAB3\DEBUG\STACK.OBJ
C:\USERS\EVGENM\YANDEXDISK-MASACH\ДЕМИДОВИЧ\4СЕМ\С++\К 26\СТЭК И ОЧЕРЕДЬ\LAB3\DEBUG\VC100.PDB
D:\YANDEXDISK\демидович\4сем\с++\LAB3\DEBUG\LAB3.EXE
D:\YANDEXDISK\демидович\4сем\с++\LAB3\DEBUG\LAB3.ILK
D:\YANDEXDISK\ДЕМИДОВИЧ\4СЕМ\С++\LAB3\DEBUG\LAB3.PDB
D:\YANDEXDISK\демидович\4сем\с++\LAB3\LAB3\DEBUG\LAB3.EXE.INTERMEDIATE.MANIFEST
D:\YANDEXDISK\демидович\4сем\с++\LAB3\LAB3\DEBUG\STACK.OBJ
D:\YANDEXDISK\ДЕМИДОВИЧ\4СЕМ\С++\LAB3\LAB3\DEBUG\VC100.PDB
D:\YANDEXDISK\демидович\4сем\с++\к 26\стэк и очередь\DEBUG\LAB3.EXE
D:\YANDEXDISK\демидович\4сем\с++\к 26\стэк и очередь\DEBUG\LAB3.ILK
D:\YANDEXDISK\ДЕМИДОВИЧ\4СЕМ\С++\К 26\СТЭК И ОЧЕРЕДЬ\DEBUG\LAB3.PDB
D:\YANDEXDISK\демидович\4сем\с++\к 26\стэк и очередь\LAB3\DEBUG\LAB3.EXE.INTERMEDIATE.MANIFEST
D:\YANDEXDISK\демидович\4сем\с++\к 26\стэк и очередь\LAB3\DEBUG\STACK.OBJ
D:\YANDEXDISK\ДЕМИДОВИЧ\4СЕМ\С++\К 26\СТЭК И ОЧЕРЕДЬ\LAB3\DEBUG\VC100.PDB
D:\YANDEXDISK\демидович\4сем\с++\стэк и очередь - копия\DEBUG\LAB3.EXE
D:\YANDEXDISK\демидович\4сем\с++\стэк и очередь - копия\DEBUG\LAB3.ILK
D:\YANDEXDISK\ДЕМИДОВИЧ\4СЕМ\С++\СТЭК И ОЧЕРЕДЬ - КОПИЯ\DEBUG\LAB3.PDB
D:\YandexDisk\демидович\4сем\с++\стэк и очередь - копия\lab3\Debug\cl.command.1.tlog
D:\YandexDisk\демидович\4сем\с++\стэк и очередь - копия\lab3\Debug\CL.read.1.tlog
D:\YandexDisk\демидович\4сем\с++\стэк и очередь - копия\lab3\Debug\CL.write.1.tlog
D:\YANDEXDISK\демидович\4сем\с++\стэк и очередь - копия\LAB3\DEBUG\LAB3.EXE.INTERMEDIATE.MANIFEST
D:\YandexDisk\демидович\4сем\с++\стэк и очередь - копия\lab3\Debug\lab3.vcxprojResolveAssemblyReference.cache
D:\YandexDisk\демидович\4сем\с++\стэк и очередь - копия\lab3\Debug\lab3.write.1.tlog
D:\YandexDisk\демидович\4сем\с++\стэк и очередь - копия\lab3\Debug\link.command.1.tlog
D:\YandexDisk\демидович\4сем\с++\стэк и очередь - копия\lab3\Debug\link.read.1.tlog
D:\YandexDisk\демидович\4сем\с++\стэк и очередь - копия\lab3\Debug\link.write.1.tlog
D:\YandexDisk\демидович\4сем\с++\стэк и очередь - копия\lab3\Debug\mt.command.1.tlog
D:\YandexDisk\демидович\4сем\с++\стэк и очередь - копия\lab3\Debug\mt.read.1.tlog
D:\YandexDisk\демидович\4сем\с++\стэк и очередь - копия\lab3\Debug\mt.write.1.tlog
D:\YandexDisk\демидович\4сем\с++\стэк и очередь - копия\lab3\Debug\stack (2).obj
D:\YANDEXDISK\демидович\4сем\с++\стэк и очередь - копия\LAB3\DEBUG\STACK.OBJ
D:\YandexDisk\демидович\4сем\с++\стэк и очередь - копия\lab3\Debug\vc100 (2).idb
D:\YandexDisk\демидович\4сем\с++\стэк и очередь - копия\lab3\Debug\vc100 (2).pdb
D:\YandexDisk\демидович\4сем\с++\стэк и очередь - копия\lab3\Debug\vc100.idb
D:\YANDEXDISK\ДЕМИДОВИЧ\4СЕМ\С++\СТЭК И ОЧЕРЕДЬ - КОПИЯ\LAB3\DEBUG\VC100.PDB
D:\YANDEXDISK\демидович\4сем\с++\стэк и очередь\DEBUG\LAB3.EXE
D:\YANDEXDISK\демидович\4сем\с++\стэк и очередь\DEBUG\LAB3.ILK
D:\YANDEXDISK\ДЕМИДОВИЧ\4СЕМ\С++\СТЭК И ОЧЕРЕДЬ\DEBUG\LAB3.PDB
D:\YANDEXDISK\демидович\4сем\с++\стэк и очередь\LAB3\DEBUG\LAB3.EXE.INTERMEDIATE.MANIFEST
D:\YANDEXDISK\демидович\4сем\с++\стэк и очередь\LAB3\DEBUG\STACK.OBJ
D:\YANDEXDISK\ДЕМИДОВИЧ\4СЕМ\С++\СТЭК И ОЧЕРЕДЬ\LAB3\DEBUG\VC100.PDB
D:\YANDEXDISK\демидович\4сем\с++\стэк\DEBUG\LAB3.EXE
D:\YANDEXDISK\демидович\4сем\с++\стэк\DEBUG\LAB3.ILK
D:\YANDEXDISK\ДЕМИДОВИЧ\4СЕМ\С++\СТЭК\DEBUG\LAB3.PDB
D:\YANDEXDISK\демидович\4сем\с++\стэк\LAB3\DEBUG\LAB3.EXE.INTERMEDIATE.MANIFEST
D:\YANDEXDISK\демидович\4сем\с++\стэк\LAB3\DEBUG\STACK.OBJ
D:\YANDEXDISK\ДЕМИДОВИЧ\4СЕМ\С++\СТЭК\LAB3\DEBUG\VC100.PDB
D:\YANDEXDISK\демидович\4сем\с++\темп\LAB3\DEBUG\LAB3.EXE
D:\YANDEXDISK\демидович\4сем\с++\темп\LAB3\DEBUG\LAB3.ILK
D:\YANDEXDISK\ДЕМИДОВИЧ\4СЕМ\С++\ТЕМП\LAB3\DEBUG\LAB3.PDB
D:\YANDEXDISK\демидович\4сем\с++\темп\LAB3\LAB3\DEBUG\LAB3.EXE.INTERMEDIATE.MANIFEST
D:\YANDEXDISK\демидович\4сем\с++\темп\LAB3\LAB3\DEBUG\STACK.OBJ
D:\YANDEXDISK\ДЕМИДОВИЧ\4СЕМ\С++\ТЕМП\LAB3\LAB3\DEBUG\VC100.PDB
E:\к 26\стэк и очередь\DEBUG\LAB3.EXE
E:\к 26\стэк и очередь\DEBUG\LAB3.ILK
E:\К 26\СТЭК И ОЧЕРЕДЬ\DEBUG\LAB3.PDB
E:\к 26\стэк и очередь\LAB3\DEBUG\LAB3.EXE.INTERMEDIATE.MANIFEST
E:\к 26\стэк и очередь\LAB3\DEBUG\STACK.OBJ
E:\К 26\СТЭК И ОЧЕРЕДЬ\LAB3\DEBUG\VC100.PDB
