c:\users\юзверь\documents\visual studio 2012\projects\urban\avltree\avltree\debug\vc110.pdb
c:\users\юзверь\documents\visual studio 2012\projects\urban\avltree\avltree\debug\main.obj
c:\users\юзверь\documents\visual studio 2012\projects\urban\avltree\debug\avltree.ilk
c:\users\юзверь\documents\visual studio 2012\projects\urban\avltree\debug\avltree.exe
c:\users\юзверь\documents\visual studio 2012\projects\urban\avltree\debug\avltree.pdb
g:\avl\avltree\debug\vc120.pdb
g:\avl\avltree\debug\vc120.idb
g:\avl\avltree\debug\main.obj
g:\avl\debug\lab3.ilk
g:\avl\debug\lab3.exe
g:\avl\debug\lab3.pdb
g:\avl\avltree\debug\cl.command.1.tlog
g:\avl\avltree\debug\cl.read.1.tlog
g:\avl\avltree\debug\cl.write.1.tlog
g:\avl\avltree\debug\link-cvtres.read.1.tlog
g:\avl\avltree\debug\link-cvtres.write.1.tlog
g:\avl\avltree\debug\link-rc.read.1.tlog
g:\avl\avltree\debug\link-rc.write.1.tlog
g:\avl\avltree\debug\link.command.1.tlog
g:\avl\avltree\debug\link.read.1.tlog
g:\avl\avltree\debug\link.write.1.tlog
g:\avl\avltree\debug\vc110.idb
g:\avl\avltree\debug\vc110.pdb
g:\avl\avltree\debug\lab3.tlog\cl.read.1.tlog
g:\avl\avltree\debug\lab3.tlog\cl.write.1.tlog
g:\avl\avltree\debug\lab3.tlog\cl.command.1.tlog
g:\avl\avltree\debug\lab3.tlog\link.read.1.tlog
g:\avl\avltree\debug\lab3.tlog\link.write.1.tlog
g:\avl\avltree\debug\lab3.tlog\link.command.1.tlog
